  dllmain.cpp
  Hooking.cpp
  imgui.cpp
  ImGuiFileBrowser.cpp
  imgui_draw.cpp
  imgui_impl_dx11.cpp
  imgui_impl_win32.cpp
  imgui_tables.cpp
  imgui_widgets.cpp
  menu.cpp
  PresentHook.cpp
  Renderer.cpp
  SDK.cpp
  SetCursorHook.cpp
  SetCursorPosHook.cpp
  vars.cpp
  WndProcHook.cpp
LINK : warning LNK4098: defaultlib 'LIBCMT' conflicts with use of other libs; use /NODEFAULTLIB:library
  Generating code
  Previous IPDB not found, fall back to full compilation.
  All 2149 functions were compiled because no usable IPDB/IOBJ from previous compilation was found.
  Finished generating code
  SOTFOV.vcxproj -> D:\Visual Studios Projects\SOTFOV Current Release\x64\Release\SOTFOV.dll
